<?xml version="1.0" encoding="UTF-8"?>
<Site BuildName="(empty)"
	BuildStamp="20250110-1915-Experimental"
	Name="kirito"
	Generator="ctest-3.22.1"
	CompilerName="/usr/bin/g++"
	CompilerVersion="11.4.0"
	OSName="Linux"
	Hostname="kirito"
	OSRelease="6.8.0-51-generic"
	OSVersion="#52~22.04.1-Ubuntu SMP PREEMPT_DYNAMIC Mon Dec  9 15:00:52 UTC 2"
	OSPlatform="x86_64"
	Is64Bits="1"
	VendorString="GenuineIntel"
	VendorID="Intel Corporation"
	FamilyID="6"
	ModelID="154"
	ProcessorCacheSize="24576"
	NumberOfLogicalCPU="20"
	NumberOfPhysicalCPU="14"
	TotalVirtualMemory="1951"
	TotalPhysicalMemory="31765"
	LogicalProcessorsPerPhysical="1"
	ProcessorClockFrequency="2162.68"
	>
	<Testing>
		<StartDateTime>Jan 10 20:15 CET</StartDateTime>
		<StartTestTime>1736536530</StartTestTime>
		<TestList/>
		<EndDateTime>Jan 10 20:15 CET</EndDateTime>
		<EndTestTime>1736536530</EndTestTime>
		<ElapsedMinutes>0</ElapsedMinutes>
	</Testing>
</Site>
