<?xml version="1.0" encoding="UTF-8"?>
<Site BuildName="(empty)"
	BuildStamp="20250305-1516-Experimental"
	Name="kirito"
	Generator="ctest-3.22.1"
	CompilerName="/usr/bin/g++"
	CompilerVersion="11.4.0"
	OSName="Linux"
	Hostname="kirito"
	OSRelease="6.8.0-52-generic"
	OSVersion="#53~22.04.1-Ubuntu SMP PREEMPT_DYNAMIC Wed Jan 15 19:18:46 UTC 2"
	OSPlatform="x86_64"
	Is64Bits="1"
	VendorString="GenuineIntel"
	VendorID="Intel Corporation"
	FamilyID="6"
	ModelID="154"
	ProcessorCacheSize="24576"
	NumberOfLogicalCPU="20"
	NumberOfPhysicalCPU="14"
	TotalVirtualMemory="1951"
	TotalPhysicalMemory="31765"
	LogicalProcessorsPerPhysical="1"
	ProcessorClockFrequency="1596.68"
	>
	<Testing>
		<StartDateTime>Mar 05 16:16 CET</StartDateTime>
		<StartTestTime>1741187765</StartTestTime>
		<TestList/>
		<EndDateTime>Mar 05 16:16 CET</EndDateTime>
		<EndTestTime>1741187765</EndTestTime>
		<ElapsedMinutes>0</ElapsedMinutes>
	</Testing>
</Site>
